[debug] [2020-08-26T20:42:25.940Z] ----------------------------------------------------------------------
[debug] [2020-08-26T20:42:25.946Z] Command:       C:\Program Files\nodejs\node.exe C:\Users\marco\AppData\Roaming\npm\node_modules\firebase-tools\lib\bin\firebase.js deploy
[debug] [2020-08-26T20:42:25.947Z] CLI Version:   8.9.0
[debug] [2020-08-26T20:42:25.947Z] Platform:      win32
[debug] [2020-08-26T20:42:25.948Z] Node Version:  v12.14.0
[debug] [2020-08-26T20:42:25.951Z] Time:          Wed Aug 26 2020 22:42:25 GMT+0200 (GMT+02:00)
[debug] [2020-08-26T20:42:25.952Z] ----------------------------------------------------------------------
[debug] [2020-08-26T20:42:25.952Z] 
[debug] [2020-08-26T20:42:25.977Z] > command requires scopes: ["email","openid","https://www.googleapis.com/auth/cloudplatformprojects.readonly","https://www.googleapis.com/auth/firebase","https://www.googleapis.com/auth/cloud-platform"]
[debug] [2020-08-26T20:42:25.978Z] > authorizing via signed-in user
[debug] [2020-08-26T20:42:25.979Z] [iam] checking project mybaby-food for permissions ["firebase.projects.get","firebasehosting.sites.update"]
[debug] [2020-08-26T20:42:25.985Z] > refreshing access token with scopes: ["email","https://www.googleapis.com/auth/cloud-platform","https://www.googleapis.com/auth/cloudplatformprojects.readonly","https://www.googleapis.com/auth/firebase","openid"]
[debug] [2020-08-26T20:42:25.994Z] >>> HTTP REQUEST POST https://www.googleapis.com/oauth2/v3/token  
 <request body omitted>
[debug] [2020-08-26T20:42:26.470Z] <<< HTTP RESPONSE 200 {"content-type":"application/json; charset=utf-8","vary":"X-Origin, Referer, Origin,Accept-Encoding","date":"Wed, 26 Aug 2020 20:42:30 GMT","server":"scaffolding on HTTPServer2","cache-control":"private","x-xss-protection":"0","x-frame-options":"SAMEORIGIN","x-content-type-options":"nosniff","alt-svc":"h3-29=\":443\"; ma=2592000,h3-27=\":443\"; ma=2592000,h3-T051=\":443\"; ma=2592000,h3-T050=\":443\"; ma=2592000,h3-Q050=\":443\"; ma=2592000,h3-Q046=\":443\"; ma=2592000,h3-Q043=\":443\"; ma=2592000,quic=\":443\"; ma=2592000; v=\"46,43\"","accept-ranges":"none","transfer-encoding":"chunked"}
[debug] [2020-08-26T20:42:26.505Z] >>> HTTP REQUEST POST https://cloudresourcemanager.googleapis.com/v1/projects/mybaby-food:testIamPermissions  
 {"permissions":["firebase.projects.get","firebasehosting.sites.update"]}
[debug] [2020-08-26T20:42:27.477Z] <<< HTTP RESPONSE 200 {"content-type":"application/json; charset=UTF-8","vary":"X-Origin, Referer, Origin,Accept-Encoding","date":"Wed, 26 Aug 2020 20:42:31 GMT","server":"ESF","cache-control":"private","x-xss-protection":"0","x-frame-options":"SAMEORIGIN","x-content-type-options":"nosniff","server-timing":"gfet4t7; dur=712","alt-svc":"h3-29=\":443\"; ma=2592000,h3-27=\":443\"; ma=2592000,h3-T050=\":443\"; ma=2592000,h3-Q050=\":443\"; ma=2592000,h3-Q046=\":443\"; ma=2592000,h3-Q043=\":443\"; ma=2592000,quic=\":443\"; ma=2592000; v=\"46,43\"","accept-ranges":"none","transfer-encoding":"chunked"}
[debug] [2020-08-26T20:42:27.484Z] >>> HTTP REQUEST GET https://firebase.googleapis.com/v1beta1/projects/mybaby-food  
 
[debug] [2020-08-26T20:42:28.113Z] <<< HTTP RESPONSE 200 {"content-type":"application/json; charset=UTF-8","vary":"X-Origin, Referer, Origin,Accept-Encoding","date":"Wed, 26 Aug 2020 20:42:32 GMT","server":"ESF","cache-control":"private","x-xss-protection":"0","x-frame-options":"SAMEORIGIN","x-content-type-options":"nosniff","alt-svc":"h3-29=\":443\"; ma=2592000,h3-27=\":443\"; ma=2592000,h3-T050=\":443\"; ma=2592000,h3-Q050=\":443\"; ma=2592000,h3-Q046=\":443\"; ma=2592000,h3-Q043=\":443\"; ma=2592000,quic=\":443\"; ma=2592000; v=\"46,43\"","accept-ranges":"none","transfer-encoding":"chunked"}
[info] 
[info] === Deploying to 'mybaby-food'...
[info] 
[info] i  deploying hosting 
[debug] [2020-08-26T20:42:28.149Z] >>> HTTP REQUEST POST https://firebasehosting.googleapis.com/v1beta1/sites/mybaby-food/versions  
 {"config":{"rewrites":[{"glob":"**","path":"/index.html"}]},"labels":{"deployment-tool":"cli-firebase"}}
[debug] [2020-08-26T20:42:29.926Z] <<< HTTP RESPONSE 200 {"content-type":"application/json; charset=UTF-8","vary":"X-Origin, Referer, Origin,Accept-Encoding","date":"Wed, 26 Aug 2020 20:42:33 GMT","server":"ESF","cache-control":"private","x-xss-protection":"0","x-frame-options":"SAMEORIGIN","x-content-type-options":"nosniff","alt-svc":"h3-29=\":443\"; ma=2592000,h3-27=\":443\"; ma=2592000,h3-T050=\":443\"; ma=2592000,h3-Q050=\":443\"; ma=2592000,h3-Q046=\":443\"; ma=2592000,h3-Q043=\":443\"; ma=2592000,quic=\":443\"; ma=2592000; v=\"46,43\"","accept-ranges":"none","transfer-encoding":"chunked"}
[info] i  hosting[mybaby-food]: beginning deploy... 
[info] i  hosting[mybaby-food]: found 23 files in dist 
[debug] [2020-08-26T20:42:30.211Z] [hosting] hash cache [ZGlzdA] stored for 23 files
[debug] [2020-08-26T20:42:30.212Z] [hosting][hash queue][FINAL] {"max":181,"min":1,"avg":38.26086956521739,"active":0,"complete":23,"success":23,"errored":0,"retried":0,"total":23,"elapsed":223}
[debug] [2020-08-26T20:42:30.213Z] >>> HTTP REQUEST POST https://firebasehosting.googleapis.com/v1beta1/sites/mybaby-food/versions/19bbf382b15bdaa3:populateFiles  
 <request body omitted>
[debug] [2020-08-26T20:42:31.491Z] <<< HTTP RESPONSE 200 {"content-type":"application/json; charset=UTF-8","vary":"X-Origin, Referer, Origin,Accept-Encoding","date":"Wed, 26 Aug 2020 20:42:35 GMT","server":"ESF","cache-control":"private","x-xss-protection":"0","x-frame-options":"SAMEORIGIN","x-content-type-options":"nosniff","alt-svc":"h3-29=\":443\"; ma=2592000,h3-27=\":443\"; ma=2592000,h3-T050=\":443\"; ma=2592000,h3-Q050=\":443\"; ma=2592000,h3-Q046=\":443\"; ma=2592000,h3-Q043=\":443\"; ma=2592000,quic=\":443\"; ma=2592000; v=\"46,43\"","accept-ranges":"none","transfer-encoding":"chunked"}
[debug] [2020-08-26T20:42:31.528Z] [hosting][populate queue][FINAL] {"max":1317,"min":1317,"avg":1317,"active":0,"complete":1,"success":1,"errored":0,"retried":0,"total":1,"elapsed":1346}
[debug] [2020-08-26T20:42:31.530Z] [hosting] uploads queued: 6
